2021-03-20 11:35:48 info: ---------------------------------------
2021-03-20 11:35:48 info: >>> Running Unit Test `ex1-johnWho` <<<
2021-03-20 11:35:48 info: ---------------------------------------
2021-03-20 11:36:56 error: *** Unit Test Error Report ***

- getAnonName should take a single argument
- getAnonName should return a rejected promise when called without an argument

2021-03-20 11:37:15 error: *** ESLint Report ***

ex1-johnWho.js
  10:1   warning  Remove commented-out code          hyf/no-commented-out-code
  17:1   warning  Remove commented-out code          hyf/no-commented-out-code
  19:1   warning  Remove commented-out code          hyf/no-commented-out-code
  23:1   warning  Remove commented-out code          hyf/no-commented-out-code
  39:11  error    'error' is defined but never used  no-unused-vars

✖ 5 problems (1 error, 4 warnings)


2021-03-20 11:38:20 info: ---------------------------------------
2021-03-20 11:38:20 info: >>> Running Unit Test `ex1-johnWho` <<<
2021-03-20 11:38:20 info: ---------------------------------------
2021-03-20 11:38:30 error: *** Unit Test Error Report ***

- getAnonName should take a single argument
- getAnonName should return a rejected promise when called without an argument

2021-03-20 11:38:34 error: *** ESLint Report ***

ex1-johnWho.js
  10:1   warning  Remove commented-out code          hyf/no-commented-out-code
  17:1   warning  Remove commented-out code          hyf/no-commented-out-code
  19:1   warning  Remove commented-out code          hyf/no-commented-out-code
  23:1   warning  Remove commented-out code          hyf/no-commented-out-code
  39:11  error    'error' is defined but never used  no-unused-vars

✖ 5 problems (1 error, 4 warnings)


2021-03-20 11:40:38 info: ---------------------------------------
2021-03-20 11:40:38 info: >>> Running Unit Test `ex1-johnWho` <<<
2021-03-20 11:40:38 info: ---------------------------------------
2021-03-20 11:40:50 info: All unit tests passed.
2021-03-20 11:41:01 error: *** ESLint Report ***

ex1-johnWho.js
  10:1  warning  Remove commented-out code  hyf/no-commented-out-code
  17:1  warning  Remove commented-out code  hyf/no-commented-out-code
  19:1  warning  Remove commented-out code  hyf/no-commented-out-code
  23:1  warning  Remove commented-out code  hyf/no-commented-out-code

✖ 4 problems (0 errors, 4 warnings)


2021-03-20 11:43:10 info: ---------------------------------------
2021-03-20 11:43:10 info: >>> Running Unit Test `ex1-johnWho` <<<
2021-03-20 11:43:10 info: ---------------------------------------
2021-03-20 11:43:23 info: All unit tests passed.
2021-03-20 11:43:26 error: *** ESLint Report ***

ex1-johnWho.js
  10:1  warning  Remove commented-out code  hyf/no-commented-out-code
  17:1  warning  Remove commented-out code  hyf/no-commented-out-code
  19:1  warning  Remove commented-out code  hyf/no-commented-out-code
  23:1  warning  Remove commented-out code  hyf/no-commented-out-code

✖ 4 problems (0 errors, 4 warnings)


2021-03-20 11:45:08 info: -------------------------------------------------
2021-03-20 11:45:08 info: >>> Running Unit Test `ex2-checkDoubleDigits` <<<
2021-03-20 11:45:08 info: -------------------------------------------------
2021-03-20 11:45:18 error: *** Unit Test Error Report ***

- checkDoubleDigits "(11) should return a promise that resolves to "This is double digit number!"
- checkDoubleDigits (5) should return a rejected promise with an Error object
- checkDoubleDigits (123) should return a rejected promise with an Error object

2021-03-20 11:45:21 error: *** ESLint Report ***

ex2-checkDoubleDigits.js
  13:1  warning  Remove commented-out code  hyf/no-commented-out-code
  17:1  warning  Remove commented-out code  hyf/no-commented-out-code
  21:1  warning  Remove commented-out code  hyf/no-commented-out-code
  25:1  warning  Remove commented-out code  hyf/no-commented-out-code

✖ 4 problems (0 errors, 4 warnings)


2021-03-20 11:49:27 info: -------------------------------------------------
2021-03-20 11:49:27 info: >>> Running Unit Test `ex2-checkDoubleDigits` <<<
2021-03-20 11:49:27 info: -------------------------------------------------
2021-03-20 11:49:37 error: *** Unit Test Error Report ***

- checkDoubleDigits "(11) should return a promise that resolves to "This is double digit number!"

2021-03-20 11:49:41 error: *** ESLint Report ***

ex2-checkDoubleDigits.js
  13:1  warning  Remove commented-out code  hyf/no-commented-out-code
  17:1  warning  Remove commented-out code  hyf/no-commented-out-code
  21:1  warning  Remove commented-out code  hyf/no-commented-out-code
  25:1  warning  Remove commented-out code  hyf/no-commented-out-code

✖ 4 problems (0 errors, 4 warnings)


2021-03-20 11:50:29 info: -------------------------------------------------
2021-03-20 11:50:29 info: >>> Running Unit Test `ex2-checkDoubleDigits` <<<
2021-03-20 11:50:29 info: -------------------------------------------------
2021-03-20 11:50:40 info: All unit tests passed.
2021-03-20 11:50:44 error: *** ESLint Report ***

ex2-checkDoubleDigits.js
  13:1  warning  Remove commented-out code  hyf/no-commented-out-code
  17:1  warning  Remove commented-out code  hyf/no-commented-out-code
  21:1  warning  Remove commented-out code  hyf/no-commented-out-code
  25:1  warning  Remove commented-out code  hyf/no-commented-out-code

✖ 4 problems (0 errors, 4 warnings)


2021-03-20 11:54:30 info: ----------------------------------------
2021-03-20 11:54:30 info: >>> Running Unit Test `ex3-rollDice` <<<
2021-03-20 11:54:30 info: ----------------------------------------
2021-03-20 11:54:40 info: All unit tests passed.
2021-03-20 11:54:44 error: *** ESLint Report ***

ex3-rollDice.js
  13:1  warning  Remove commented-out code  hyf/no-commented-out-code
  18:1  warning  Remove commented-out code  hyf/no-commented-out-code
  24:1  warning  Remove commented-out code  hyf/no-commented-out-code
  30:1  warning  Remove commented-out code  hyf/no-commented-out-code
  36:1  warning  Remove commented-out code  hyf/no-commented-out-code
  42:1  warning  Remove commented-out code  hyf/no-commented-out-code
  46:1  warning  Remove commented-out code  hyf/no-commented-out-code

✖ 7 problems (0 errors, 7 warnings)


2021-03-20 12:00:25 info: ----------------------------------------
2021-03-20 12:00:25 info: >>> Running Unit Test `ex3-rollDice` <<<
2021-03-20 12:00:25 info: ----------------------------------------
2021-03-20 12:00:36 info: All unit tests passed.
2021-03-20 12:00:41 error: *** ESLint Report ***

ex3-rollDice.js
  13:1  warning  Remove commented-out code  hyf/no-commented-out-code
  18:1  warning  Remove commented-out code  hyf/no-commented-out-code
  24:1  warning  Remove commented-out code  hyf/no-commented-out-code
  30:1  warning  Remove commented-out code  hyf/no-commented-out-code
  36:1  warning  Remove commented-out code  hyf/no-commented-out-code
  42:1  warning  Remove commented-out code  hyf/no-commented-out-code
  46:1  warning  Remove commented-out code  hyf/no-commented-out-code

✖ 7 problems (0 errors, 7 warnings)


2021-03-20 12:01:36 info: --------------------------------------------
2021-03-20 12:01:36 info: >>> Running Unit Test `ex4-pokerDiceAll` <<<
2021-03-20 12:01:36 info: --------------------------------------------
2021-03-20 12:01:46 info: All unit tests passed.
2021-03-20 12:01:56 info: All steps were completed successfully
